<?xml version="1.0" encoding="UTF-8"?>
<coverage generated="1782567668382" clover="3.2.0">
  <project timestamp="1782567668382" name="All files">
    <metrics statements="22" coveredstatements="19" conditionals="8" coveredconditionals="5" methods="5" coveredmethods="4" elements="35" coveredelements="28" complexity="0" loc="22" ncloc="22" packages="1" files="1" classes="1"/>
    <file name="server.js" path="I:\Diplomados2026\QAAuth\Clase 23\aws-qa-cloudnative-lab\src\server.js">
      <metrics statements="22" coveredstatements="19" conditionals="8" coveredconditionals="5" methods="5" coveredmethods="4"/>
      <line num="3" count="1" type="stmt"/>
      <line num="5" count="1" type="stmt"/>
      <line num="6" count="1" type="stmt"/>
      <line num="8" count="1" type="stmt"/>
      <line num="13" count="1" type="stmt"/>
      <line num="14" count="1" type="stmt"/>
      <line num="20" count="1" type="stmt"/>
      <line num="21" count="1" type="stmt"/>
      <line num="27" count="1" type="stmt"/>
      <line num="28" count="1" type="stmt"/>
      <line num="31" count="1" type="stmt"/>
      <line num="32" count="2" type="stmt"/>
      <line num="34" count="2" type="cond" truecount="4" falsecount="0"/>
      <line num="35" count="1" type="stmt"/>
      <line num="40" count="1" type="stmt"/>
      <line num="46" count="1" type="stmt"/>
      <line num="47" count="1" type="stmt"/>
      <line num="50" count="1" type="cond" truecount="1" falsecount="1"/>
      <line num="51" count="0" type="cond" truecount="0" falsecount="2"/>
      <line num="52" count="0" type="stmt"/>
      <line num="53" count="0" type="stmt"/>
      <line num="57" count="1" type="stmt"/>
    </file>
  </project>
</coverage>
