TN:
SF:src\server.js
FN:13,(anonymous_0)
FN:20,(anonymous_1)
FN:27,(anonymous_2)
FN:31,(anonymous_3)
FN:52,(anonymous_4)
FNF:5
FNH:4
FNDA:1,(anonymous_0)
FNDA:1,(anonymous_1)
FNDA:1,(anonymous_2)
FNDA:2,(anonymous_3)
FNDA:0,(anonymous_4)
DA:3,1
DA:5,1
DA:6,1
DA:8,1
DA:13,1
DA:14,1
DA:20,1
DA:21,1
DA:27,1
DA:28,1
DA:31,1
DA:32,2
DA:34,2
DA:35,1
DA:40,1
DA:46,1
DA:47,1
DA:50,1
DA:51,0
DA:52,0
DA:53,0
DA:57,1
LF:22
LH:19
BRDA:34,0,0,1
BRDA:34,0,1,1
BRDA:34,1,0,2
BRDA:34,1,1,2
BRDA:50,2,0,0
BRDA:50,2,1,1
BRDA:51,3,0,0
BRDA:51,3,1,0
BRF:8
BRH:5
end_of_record
